<?xml version="1.0" encoding="UTF-8"?>
<testsuite name="edu.jsu.mcis.ArgsParserTests" tests="9" skipped="0" failures="0" errors="0" timestamp="2015-10-02T02:15:19" hostname="MSI" time="0.006">
  <properties/>
  <testcase name="parseStringToInt" classname="edu.jsu.mcis.ArgsParserTests" time="0.003"/>
  <testcase name="checkArgumentCreation" classname="edu.jsu.mcis.ArgsParserTests" time="0.0"/>
  <testcase name="forceNumberFormatException" classname="edu.jsu.mcis.ArgsParserTests" time="0.0"/>
  <testcase name="checkIfDashHPrintsTheDescriptions" classname="edu.jsu.mcis.ArgsParserTests" time="0.0"/>
  <testcase name="forceTooManyArguments" classname="edu.jsu.mcis.ArgsParserTests" time="0.0"/>
  <testcase name="checkArgumentDescription" classname="edu.jsu.mcis.ArgsParserTests" time="0.0"/>
  <testcase name="parseStringToBool" classname="edu.jsu.mcis.ArgsParserTests" time="0.0"/>
  <testcase name="checkArgumentValues" classname="edu.jsu.mcis.ArgsParserTests" time="0.0"/>
  <testcase name="parseStringargsToDouble" classname="edu.jsu.mcis.ArgsParserTests" time="0.0"/>
  <system-out><![CDATA[usage: java VolumeCalculator length width height 
VolumeCalculator.java: error: unrecognized arguments: 7usage: java VolumeCalculator length width height 
VolumeCalculator.java: error: unrecognized arguments: 5usage: java VolumeCalculator length width height 
VolumeCalculator.java: error: unrecognized arguments: 2usage: java VolumeCalculator length width height 
VolumeCalculator.java: error: unrecognized arguments: 43]]></system-out>
  <system-err><![CDATA[]]></system-err>
</testsuite>
