<?xml version="1.0" encoding="UTF-8"?>
<testsuite name="edu.jsu.mcis.ArgsParserTests" tests="30" skipped="0" failures="0" errors="0" timestamp="2015-11-12T23:02:30" hostname="MSI" time="0.072">
  <properties/>
  <testcase name="parseStringToInt" classname="edu.jsu.mcis.ArgsParserTests" time="0.012"/>
  <testcase name="TestIntNamedArgException" classname="edu.jsu.mcis.ArgsParserTests" time="0.002"/>
  <testcase name="checkArgumentTypeDouble" classname="edu.jsu.mcis.ArgsParserTests" time="0.0"/>
  <testcase name="TestMultipleNamedArgumentsAnywhere" classname="edu.jsu.mcis.ArgsParserTests" time="0.0"/>
  <testcase name="checkArgumentCreation" classname="edu.jsu.mcis.ArgsParserTests" time="0.0"/>
  <testcase name="TestBooleanNamedArg" classname="edu.jsu.mcis.ArgsParserTests" time="0.0"/>
  <testcase name="forceNumberFormatException" classname="edu.jsu.mcis.ArgsParserTests" time="0.001"/>
  <testcase name="TestIntPositionalArgException" classname="edu.jsu.mcis.ArgsParserTests" time="0.0"/>
  <testcase name="TestBooleanNamedArgException" classname="edu.jsu.mcis.ArgsParserTests" time="0.0"/>
  <testcase name="TestMultipleNamedArguments" classname="edu.jsu.mcis.ArgsParserTests" time="0.0"/>
  <testcase name="forceTooManyArguments" classname="edu.jsu.mcis.ArgsParserTests" time="0.0"/>
  <testcase name="TestBooleanPositionalArgException" classname="edu.jsu.mcis.ArgsParserTests" time="0.0"/>
  <testcase name="checkArgumentDescription" classname="edu.jsu.mcis.ArgsParserTests" time="0.0"/>
  <testcase name="TestDoubleNamedArgError" classname="edu.jsu.mcis.ArgsParserTests" time="0.001"/>
  <testcase name="testFalseArgument" classname="edu.jsu.mcis.ArgsParserTests" time="0.0"/>
  <testcase name="checkFlag" classname="edu.jsu.mcis.ArgsParserTests" time="0.001"/>
  <testcase name="checkHelpMessage" classname="edu.jsu.mcis.ArgsParserTests" time="0.0"/>
  <testcase name="checkNamedArgumentDefaultValue" classname="edu.jsu.mcis.ArgsParserTests" time="0.0"/>
  <testcase name="checkNamedArgumentValue" classname="edu.jsu.mcis.ArgsParserTests" time="0.0"/>
  <testcase name="testSavingtoXMLFile" classname="edu.jsu.mcis.ArgsParserTests" time="0.001"/>
  <testcase name="testOrderofArguments" classname="edu.jsu.mcis.ArgsParserTests" time="0.001"/>
  <testcase name="TestDoubleNamedArg" classname="edu.jsu.mcis.ArgsParserTests" time="0.0"/>
  <testcase name="testXMLparser" classname="edu.jsu.mcis.ArgsParserTests" time="0.045"/>
  <testcase name="checkIfDashDashHelpThrowsException" classname="edu.jsu.mcis.ArgsParserTests" time="0.0"/>
  <testcase name="parseStringToBool" classname="edu.jsu.mcis.ArgsParserTests" time="0.0"/>
  <testcase name="makeNamedArgument" classname="edu.jsu.mcis.ArgsParserTests" time="0.0"/>
  <testcase name="checkArgumentValues" classname="edu.jsu.mcis.ArgsParserTests" time="0.0"/>
  <testcase name="forceTooFewArguments" classname="edu.jsu.mcis.ArgsParserTests" time="0.0"/>
  <testcase name="checkIfDashHThrowsException" classname="edu.jsu.mcis.ArgsParserTests" time="0.0"/>
  <testcase name="parseStringargsToDouble" classname="edu.jsu.mcis.ArgsParserTests" time="0.001"/>
  <system-out><![CDATA[Start Element :config
Start Element :program
Start Element :name
name : Calculator
End Element :name
Start Element :description
description : Calculate addition, subtraction or multiplication
End Element :description
Start Element :arguments
Start Element :positionalArgument
Start Element :name
name : number1
End Element :name
Start Element :type
type : INTEGER
End Element :type
Start Element :description
description : the first number
End Element :description
End Element :positionalArgument
Start Element :positionalArgument
Start Element :name
name : number2
End Element :name
Start Element :type
type : INTEGER
End Element :type
Start Element :description
description : the second number
End Element :description
End Element :positionalArgument
Start Element :namedArgument
Start Element :name
name : add
End Element :name
Start Element :type
type : BOOLEAN
End Element :type
Start Element :description
description : adds the two numbers
End Element :description
Start Element :default
End Element :default
Start Element :shorthand
shorthand : a
End Element :shorthand
]]></system-out>
  <system-err><![CDATA[java.lang.NullPointerException
	at edu.jsu.mcis.Argument.setValue(Argument.java:32)
	at edu.jsu.mcis.ArgsParser.addNamedArgument(ArgsParser.java:42)
	at edu.jsu.mcis.readWriteXML$1.endElement(readWriteXML.java:97)
	at com.sun.org.apache.xerces.internal.parsers.AbstractSAXParser.endElement(AbstractSAXParser.java:609)
	at com.sun.org.apache.xerces.internal.impl.XMLDocumentFragmentScannerImpl.scanEndElement(XMLDocumentFragmentScannerImpl.java:1782)
	at com.sun.org.apache.xerces.internal.impl.XMLDocumentFragmentScannerImpl$FragmentContentDriver.next(XMLDocumentFragmentScannerImpl.java:2973)
	at com.sun.org.apache.xerces.internal.impl.XMLDocumentScannerImpl.next(XMLDocumentScannerImpl.java:606)
	at com.sun.org.apache.xerces.internal.impl.XMLDocumentFragmentScannerImpl.scanDocument(XMLDocumentFragmentScannerImpl.java:510)
	at com.sun.org.apache.xerces.internal.parsers.XML11Configuration.parse(XML11Configuration.java:848)
	at com.sun.org.apache.xerces.internal.parsers.XML11Configuration.parse(XML11Configuration.java:777)
	at com.sun.org.apache.xerces.internal.parsers.XMLParser.parse(XMLParser.java:141)
	at com.sun.org.apache.xerces.internal.parsers.AbstractSAXParser.parse(AbstractSAXParser.java:1213)
	at com.sun.org.apache.xerces.internal.jaxp.SAXParserImpl$JAXPSAXParser.parse(SAXParserImpl.java:649)
	at com.sun.org.apache.xerces.internal.jaxp.SAXParserImpl.parse(SAXParserImpl.java:333)
	at javax.xml.parsers.SAXParser.parse(SAXParser.java:195)
	at edu.jsu.mcis.ArgsParserTests.testXMLparser(ArgsParserTests.java:476)
	at sun.reflect.NativeMethodAccessorImpl.invoke0(Native Method)
	at sun.reflect.NativeMethodAccessorImpl.invoke(NativeMethodAccessorImpl.java:62)
	at sun.reflect.DelegatingMethodAccessorImpl.invoke(DelegatingMethodAccessorImpl.java:43)
	at java.lang.reflect.Method.invoke(Method.java:497)
	at org.junit.runners.model.FrameworkMethod$1.runReflectiveCall(FrameworkMethod.java:50)
	at org.junit.internal.runners.model.ReflectiveCallable.run(ReflectiveCallable.java:12)
	at org.junit.runners.model.FrameworkMethod.invokeExplosively(FrameworkMethod.java:47)
	at org.junit.internal.runners.statements.InvokeMethod.evaluate(InvokeMethod.java:17)
	at org.junit.internal.runners.statements.RunBefores.evaluate(RunBefores.java:26)
	at org.junit.runners.ParentRunner.runLeaf(ParentRunner.java:325)
	at org.junit.runners.BlockJUnit4ClassRunner.runChild(BlockJUnit4ClassRunner.java:78)
	at org.junit.runners.BlockJUnit4ClassRunner.runChild(BlockJUnit4ClassRunner.java:57)
	at org.junit.runners.ParentRunner$3.run(ParentRunner.java:290)
	at org.junit.runners.ParentRunner$1.schedule(ParentRunner.java:71)
	at org.junit.runners.ParentRunner.runChildren(ParentRunner.java:288)
	at org.junit.runners.ParentRunner.access$000(ParentRunner.java:58)
	at org.junit.runners.ParentRunner$2.evaluate(ParentRunner.java:268)
	at org.junit.runners.ParentRunner.run(ParentRunner.java:363)
	at org.gradle.api.internal.tasks.testing.junit.JUnitTestClassExecuter.runTestClass(JUnitTestClassExecuter.java:105)
	at org.gradle.api.internal.tasks.testing.junit.JUnitTestClassExecuter.execute(JUnitTestClassExecuter.java:56)
	at org.gradle.api.internal.tasks.testing.junit.JUnitTestClassProcessor.processTestClass(JUnitTestClassProcessor.java:64)
	at org.gradle.api.internal.tasks.testing.SuiteTestClassProcessor.processTestClass(SuiteTestClassProcessor.java:50)
	at sun.reflect.NativeMethodAccessorImpl.invoke0(Native Method)
	at sun.reflect.NativeMethodAccessorImpl.invoke(NativeMethodAccessorImpl.java:62)
	at sun.reflect.DelegatingMethodAccessorImpl.invoke(DelegatingMethodAccessorImpl.java:43)
	at java.lang.reflect.Method.invoke(Method.java:497)
	at org.gradle.messaging.dispatch.ReflectionDispatch.dispatch(ReflectionDispatch.java:35)
	at org.gradle.messaging.dispatch.ReflectionDispatch.dispatch(ReflectionDispatch.java:24)
	at org.gradle.messaging.dispatch.ContextClassLoaderDispatch.dispatch(ContextClassLoaderDispatch.java:32)
	at org.gradle.messaging.dispatch.ProxyDispatchAdapter$DispatchingInvocationHandler.invoke(ProxyDispatchAdapter.java:93)
	at com.sun.proxy.$Proxy2.processTestClass(Unknown Source)
	at org.gradle.api.internal.tasks.testing.worker.TestWorker.processTestClass(TestWorker.java:106)
	at sun.reflect.NativeMethodAccessorImpl.invoke0(Native Method)
	at sun.reflect.NativeMethodAccessorImpl.invoke(NativeMethodAccessorImpl.java:62)
	at sun.reflect.DelegatingMethodAccessorImpl.invoke(DelegatingMethodAccessorImpl.java:43)
	at java.lang.reflect.Method.invoke(Method.java:497)
	at org.gradle.messaging.dispatch.ReflectionDispatch.dispatch(ReflectionDispatch.java:35)
	at org.gradle.messaging.dispatch.ReflectionDispatch.dispatch(ReflectionDispatch.java:24)
	at org.gradle.messaging.remote.internal.hub.MessageHub$Handler.run(MessageHub.java:360)
	at org.gradle.internal.concurrent.ExecutorPolicy$CatchAndRecordFailures.onExecute(ExecutorPolicy.java:54)
	at org.gradle.internal.concurrent.StoppableExecutorImpl$1.run(StoppableExecutorImpl.java:40)
	at java.util.concurrent.ThreadPoolExecutor.runWorker(ThreadPoolExecutor.java:1142)
	at java.util.concurrent.ThreadPoolExecutor$Worker.run(ThreadPoolExecutor.java:617)
	at java.lang.Thread.run(Thread.java:745)
]]></system-err>
</testsuite>
