<?xml version="1.0" encoding="UTF-8"?>
<testsuite name="edu.jsu.mcis.ArgsParserTests" tests="32" skipped="0" failures="0" errors="0" timestamp="2015-12-03T22:07:08" hostname="Tatiana" time="0.401">
  <properties/>
  <testcase name="parseStringToInt" classname="edu.jsu.mcis.ArgsParserTests" time="0.063"/>
  <testcase name="TestIntNamedArgException" classname="edu.jsu.mcis.ArgsParserTests" time="0.015"/>
  <testcase name="checkArgumentTypeDouble" classname="edu.jsu.mcis.ArgsParserTests" time="0.0"/>
  <testcase name="testXMLparserwithDOUBLES" classname="edu.jsu.mcis.ArgsParserTests" time="0.258"/>
  <testcase name="TestMultipleNamedArgumentsAnywhere" classname="edu.jsu.mcis.ArgsParserTests" time="0.001"/>
  <testcase name="testInvalidNameException" classname="edu.jsu.mcis.ArgsParserTests" time="0.001"/>
  <testcase name="checkArgumentCreation" classname="edu.jsu.mcis.ArgsParserTests" time="0.001"/>
  <testcase name="Testhelpmessagewithnamedarguments" classname="edu.jsu.mcis.ArgsParserTests" time="0.001"/>
  <testcase name="TestBooleanNamedArg" classname="edu.jsu.mcis.ArgsParserTests" time="0.002"/>
  <testcase name="forceNumberFormatException" classname="edu.jsu.mcis.ArgsParserTests" time="0.001"/>
  <testcase name="TestIntPositionalArgException" classname="edu.jsu.mcis.ArgsParserTests" time="0.004"/>
  <testcase name="TestBooleanNamedArgException" classname="edu.jsu.mcis.ArgsParserTests" time="0.001"/>
  <testcase name="TestMultipleNamedArguments" classname="edu.jsu.mcis.ArgsParserTests" time="0.001"/>
  <testcase name="forceTooManyArguments" classname="edu.jsu.mcis.ArgsParserTests" time="0.0"/>
  <testcase name="TestBooleanPositionalArgException" classname="edu.jsu.mcis.ArgsParserTests" time="0.004"/>
  <testcase name="checkArgumentDescription" classname="edu.jsu.mcis.ArgsParserTests" time="0.003"/>
  <testcase name="TestDoubleNamedArgError" classname="edu.jsu.mcis.ArgsParserTests" time="0.001"/>
  <testcase name="testFalseArgument" classname="edu.jsu.mcis.ArgsParserTests" time="0.001"/>
  <testcase name="checkFlag" classname="edu.jsu.mcis.ArgsParserTests" time="0.0"/>
  <testcase name="checkNamedArgumentDefaultValue" classname="edu.jsu.mcis.ArgsParserTests" time="0.001"/>
  <testcase name="checkNamedArgumentValue" classname="edu.jsu.mcis.ArgsParserTests" time="0.001"/>
  <testcase name="testSavingtoXMLFile" classname="edu.jsu.mcis.ArgsParserTests" time="0.002"/>
  <testcase name="testOrderofArguments" classname="edu.jsu.mcis.ArgsParserTests" time="0.0"/>
  <testcase name="TestDoubleNamedArg" classname="edu.jsu.mcis.ArgsParserTests" time="0.0"/>
  <testcase name="testXMLparser" classname="edu.jsu.mcis.ArgsParserTests" time="0.004"/>
  <testcase name="checkIfDashDashHelpThrowsException" classname="edu.jsu.mcis.ArgsParserTests" time="0.0"/>
  <testcase name="parseStringToBool" classname="edu.jsu.mcis.ArgsParserTests" time="0.0"/>
  <testcase name="makeNamedArgument" classname="edu.jsu.mcis.ArgsParserTests" time="0.001"/>
  <testcase name="checkArgumentValues" classname="edu.jsu.mcis.ArgsParserTests" time="0.0"/>
  <testcase name="forceTooFewArguments" classname="edu.jsu.mcis.ArgsParserTests" time="0.0"/>
  <testcase name="checkIfDashHThrowsException" classname="edu.jsu.mcis.ArgsParserTests" time="0.0"/>
  <testcase name="parseStringargsToDouble" classname="edu.jsu.mcis.ArgsParserTests" time="0.0"/>
  <system-out><![CDATA[]]></system-out>
  <system-err><![CDATA[]]></system-err>
</testsuite>
