<?xml version="1.0" encoding="UTF-8"?>
<testsuite name="edu.jsu.mcis.ArgsParserTests" tests="20" skipped="0" failures="0" errors="0" timestamp="2015-10-25T22:36:00" hostname="MSI" time="0.015">
  <properties/>
  <testcase name="parseStringToInt" classname="edu.jsu.mcis.ArgsParserTests" time="0.005"/>
  <testcase name="checkArgumentTypeDouble" classname="edu.jsu.mcis.ArgsParserTests" time="0.0"/>
  <testcase name="checkArgumentCreation" classname="edu.jsu.mcis.ArgsParserTests" time="0.0"/>
  <testcase name="forceNumberFormatException" classname="edu.jsu.mcis.ArgsParserTests" time="0.0"/>
  <testcase name="forceTooManyArguments" classname="edu.jsu.mcis.ArgsParserTests" time="0.0"/>
  <testcase name="checkArgumentDescription" classname="edu.jsu.mcis.ArgsParserTests" time="0.0"/>
  <testcase name="checkFlag" classname="edu.jsu.mcis.ArgsParserTests" time="0.001"/>
  <testcase name="fixProblem" classname="edu.jsu.mcis.ArgsParserTests" time="0.0"/>
  <testcase name="checkHelpMessage" classname="edu.jsu.mcis.ArgsParserTests" time="0.0"/>
  <testcase name="checkNamedArgumentWithRestrictedValue" classname="edu.jsu.mcis.ArgsParserTests" time="0.0"/>
  <testcase name="checkNamedArgumentDefaultValue" classname="edu.jsu.mcis.ArgsParserTests" time="0.0"/>
  <testcase name="checkNamedArgumentValue" classname="edu.jsu.mcis.ArgsParserTests" time="0.0"/>
  <testcase name="checkIfDashDashHelpThrowsException" classname="edu.jsu.mcis.ArgsParserTests" time="0.0"/>
  <testcase name="checkRestrictedValuesException" classname="edu.jsu.mcis.ArgsParserTests" time="0.0"/>
  <testcase name="parseStringToBool" classname="edu.jsu.mcis.ArgsParserTests" time="0.001"/>
  <testcase name="makeNamedArgument" classname="edu.jsu.mcis.ArgsParserTests" time="0.001"/>
  <testcase name="checkArgumentValues" classname="edu.jsu.mcis.ArgsParserTests" time="0.001"/>
  <testcase name="forceTooFewArguments" classname="edu.jsu.mcis.ArgsParserTests" time="0.0"/>
  <testcase name="checkIfDashHThrowsException" classname="edu.jsu.mcis.ArgsParserTests" time="0.0"/>
  <testcase name="parseStringargsToDouble" classname="edu.jsu.mcis.ArgsParserTests" time="0.001"/>
  <system-out><![CDATA[]]></system-out>
  <system-err><![CDATA[]]></system-err>
</testsuite>
