<?xml version="1.0" encoding="UTF-8"?>
<testsuite name="edu.jsu.mcis.ArgsParserTests" tests="7" skipped="0" failures="0" errors="0" timestamp="2015-10-02T01:59:31" hostname="MSI" time="0.007">
  <properties/>
  <testcase name="parseStringToInt" classname="edu.jsu.mcis.ArgsParserTests" time="0.005"/>
  <testcase name="checkArgumentCreation" classname="edu.jsu.mcis.ArgsParserTests" time="0.0"/>
  <testcase name="checkIfDashHPrintsTheDescriptions" classname="edu.jsu.mcis.ArgsParserTests" time="0.0"/>
  <testcase name="checkArgumentDescription" classname="edu.jsu.mcis.ArgsParserTests" time="0.0"/>
  <testcase name="parseStringToBool" classname="edu.jsu.mcis.ArgsParserTests" time="0.0"/>
  <testcase name="checkArgumentValues" classname="edu.jsu.mcis.ArgsParserTests" time="0.001"/>
  <testcase name="parseStringargsToDouble" classname="edu.jsu.mcis.ArgsParserTests" time="0.0"/>
  <system-out><![CDATA[]]></system-out>
  <system-err><![CDATA[]]></system-err>
</testsuite>
